0 info it worked if it ends with ok
1 verbose cli [ '/usr/bin/nodejs', '/usr/bin/npm', 'install', 'rxjs' ]
2 info using npm@3.10.8
3 info using node@v6.9.1
4 verbose config Skipping project config: /home/luisjose/.npmrc. (matches userconfig)
5 silly loadCurrentTree Starting
6 silly install loadCurrentTree
7 silly install readLocalPackageData
8 silly fetchPackageMetaData rxjs
9 silly fetchNamedPackageData rxjs
10 silly mapToRegistry name rxjs
11 silly mapToRegistry using default registry
12 silly mapToRegistry registry https://registry.npmjs.org/
13 silly mapToRegistry data Result {
13 silly mapToRegistry   raw: 'rxjs',
13 silly mapToRegistry   scope: null,
13 silly mapToRegistry   escapedName: 'rxjs',
13 silly mapToRegistry   name: 'rxjs',
13 silly mapToRegistry   rawSpec: '',
13 silly mapToRegistry   spec: 'latest',
13 silly mapToRegistry   type: 'tag' }
14 silly mapToRegistry uri https://registry.npmjs.org/rxjs
15 verbose request uri https://registry.npmjs.org/rxjs
16 verbose request no auth needed
17 info attempt registry request try #1 at 20:27:03
18 verbose request id 55399dda9229027f
19 verbose etag "3S0URTINCDT6QHANTSGKNFYIG"
20 http request GET https://registry.npmjs.org/rxjs
21 http 200 https://registry.npmjs.org/rxjs
22 verbose headers { server: 'nginx/1.10.1',
22 verbose headers   'content-type': 'application/json',
22 verbose headers   'last-modified': 'Sat, 19 Nov 2016 23:01:18 GMT',
22 verbose headers   etag: 'W/"5830d9be-181df"',
22 verbose headers   'content-encoding': 'gzip',
22 verbose headers   'cache-control': 'max-age=300',
22 verbose headers   'content-length': '9846',
22 verbose headers   'accept-ranges': 'bytes',
22 verbose headers   date: 'Tue, 22 Nov 2016 19:27:04 GMT',
22 verbose headers   via: '1.1 varnish',
22 verbose headers   age: '205',
22 verbose headers   connection: 'keep-alive',
22 verbose headers   'x-served-by': 'cache-lcy1148-LCY',
22 verbose headers   'x-cache': 'HIT',
22 verbose headers   'x-cache-hits': '2',
22 verbose headers   'x-timer': 'S1479842824.007070,VS0,VE0',
22 verbose headers   vary: 'Accept-Encoding' }
23 silly get cb [ 200,
23 silly get   { server: 'nginx/1.10.1',
23 silly get     'content-type': 'application/json',
23 silly get     'last-modified': 'Sat, 19 Nov 2016 23:01:18 GMT',
23 silly get     etag: 'W/"5830d9be-181df"',
23 silly get     'content-encoding': 'gzip',
23 silly get     'cache-control': 'max-age=300',
23 silly get     'content-length': '9846',
23 silly get     'accept-ranges': 'bytes',
23 silly get     date: 'Tue, 22 Nov 2016 19:27:04 GMT',
23 silly get     via: '1.1 varnish',
23 silly get     age: '205',
23 silly get     connection: 'keep-alive',
23 silly get     'x-served-by': 'cache-lcy1148-LCY',
23 silly get     'x-cache': 'HIT',
23 silly get     'x-cache-hits': '2',
23 silly get     'x-timer': 'S1479842824.007070,VS0,VE0',
23 silly get     vary: 'Accept-Encoding' } ]
24 verbose get saving rxjs to /home/luisjose/.npm/registry.npmjs.org/rxjs/.cache.json
25 verbose correctMkdir /home/luisjose/.npm correctMkdir not in flight; initializing
26 silly install normalizeTree
27 silly loadCurrentTree Finishing
28 silly loadIdealTree Starting
29 silly install loadIdealTree
30 silly cloneCurrentTree Starting
31 silly install cloneCurrentTreeToIdealTree
32 silly cloneCurrentTree Finishing
33 silly loadShrinkwrap Starting
34 silly install loadShrinkwrap
35 silly loadShrinkwrap Finishing
36 silly loadAllDepsIntoIdealTree Starting
37 silly install loadAllDepsIntoIdealTree
38 silly resolveWithNewModule rxjs@5.0.0-rc.4 checking installable status
39 silly cache add args [ 'rxjs', null ]
40 verbose cache add spec rxjs
41 silly cache add parsed spec Result {
41 silly cache add   raw: 'rxjs',
41 silly cache add   scope: null,
41 silly cache add   escapedName: 'rxjs',
41 silly cache add   name: 'rxjs',
41 silly cache add   rawSpec: '',
41 silly cache add   spec: 'latest',
41 silly cache add   type: 'tag' }
42 silly addNamed rxjs@latest
43 verbose addNamed "latest" is being treated as a dist-tag for rxjs
44 info addNameTag [ 'rxjs', 'latest' ]
45 silly mapToRegistry name rxjs
46 silly mapToRegistry using default registry
47 silly mapToRegistry registry https://registry.npmjs.org/
48 silly mapToRegistry data Result {
48 silly mapToRegistry   raw: 'rxjs',
48 silly mapToRegistry   scope: null,
48 silly mapToRegistry   escapedName: 'rxjs',
48 silly mapToRegistry   name: 'rxjs',
48 silly mapToRegistry   rawSpec: '',
48 silly mapToRegistry   spec: 'latest',
48 silly mapToRegistry   type: 'tag' }
49 silly mapToRegistry uri https://registry.npmjs.org/rxjs
50 verbose addNameTag registry:https://registry.npmjs.org/rxjs not in flight; fetching
51 verbose get https://registry.npmjs.org/rxjs not expired, no request
52 silly addNameTag next cb for rxjs with tag latest
53 silly addNamed rxjs@5.0.0-rc.4
54 verbose addNamed "5.0.0-rc.4" is a plain semver version for rxjs
55 silly mapToRegistry name rxjs
56 silly mapToRegistry using default registry
57 silly mapToRegistry registry https://registry.npmjs.org/
58 silly mapToRegistry data Result {
58 silly mapToRegistry   raw: 'rxjs',
58 silly mapToRegistry   scope: null,
58 silly mapToRegistry   escapedName: 'rxjs',
58 silly mapToRegistry   name: 'rxjs',
58 silly mapToRegistry   rawSpec: '',
58 silly mapToRegistry   spec: 'latest',
58 silly mapToRegistry   type: 'tag' }
59 silly mapToRegistry uri https://registry.npmjs.org/rxjs
60 verbose addRemoteTarball https://registry.npmjs.org/rxjs/-/rxjs-5.0.0-rc.4.tgz not in flight; adding
61 verbose addRemoteTarball [ 'https://registry.npmjs.org/rxjs/-/rxjs-5.0.0-rc.4.tgz',
61 verbose addRemoteTarball   'a4d08bc5d7f30d48ed7130e2995490c326a325c4' ]
62 info retry fetch attempt 1 at 20:27:04
63 info attempt registry request try #1 at 20:27:04
64 http fetch GET https://registry.npmjs.org/rxjs/-/rxjs-5.0.0-rc.4.tgz
65 http fetch 200 https://registry.npmjs.org/rxjs/-/rxjs-5.0.0-rc.4.tgz
66 silly fetchAndShaCheck shasum a4d08bc5d7f30d48ed7130e2995490c326a325c4
67 verbose addTmpTarball /tmp/npm-9313-4c3a62c3/registry.npmjs.org/rxjs/-/rxjs-5.0.0-rc.4.tgz not in flight; adding
68 verbose addTmpTarball already have metadata; skipping unpack for rxjs@5.0.0-rc.4
69 verbose correctMkdir /home/luisjose/.npm correctMkdir not in flight; initializing
70 silly cache afterAdd rxjs@5.0.0-rc.4
71 verbose afterAdd /home/luisjose/.npm/rxjs/5.0.0-rc.4/package/package.json not in flight; writing
72 verbose correctMkdir /home/luisjose/.npm correctMkdir not in flight; initializing
73 verbose afterAdd /home/luisjose/.npm/rxjs/5.0.0-rc.4/package/package.json written
74 silly fetchNamedPackageData symbol-observable
75 silly mapToRegistry name symbol-observable
76 silly mapToRegistry using default registry
77 silly mapToRegistry registry https://registry.npmjs.org/
78 silly mapToRegistry data Result {
78 silly mapToRegistry   raw: 'symbol-observable',
78 silly mapToRegistry   scope: null,
78 silly mapToRegistry   escapedName: 'symbol-observable',
78 silly mapToRegistry   name: 'symbol-observable',
78 silly mapToRegistry   rawSpec: '',
78 silly mapToRegistry   spec: 'latest',
78 silly mapToRegistry   type: 'tag' }
79 silly mapToRegistry uri https://registry.npmjs.org/symbol-observable
80 verbose request uri https://registry.npmjs.org/symbol-observable
81 verbose request no auth needed
82 info attempt registry request try #1 at 20:27:12
83 verbose etag "1CN23W48YN87ZRUM5CMZWKQCA"
84 http request GET https://registry.npmjs.org/symbol-observable
85 http 200 https://registry.npmjs.org/symbol-observable
86 verbose headers { server: 'nginx/1.10.1',
86 verbose headers   'content-type': 'application/json',
86 verbose headers   'last-modified': 'Thu, 13 Oct 2016 20:59:21 GMT',
86 verbose headers   etag: 'W/"57fff5a9-470b"',
86 verbose headers   'content-encoding': 'gzip',
86 verbose headers   'cache-control': 'max-age=300',
86 verbose headers   'content-length': '2668',
86 verbose headers   'accept-ranges': 'bytes',
86 verbose headers   date: 'Tue, 22 Nov 2016 19:27:12 GMT',
86 verbose headers   via: '1.1 varnish',
86 verbose headers   age: '229',
86 verbose headers   connection: 'keep-alive',
86 verbose headers   'x-served-by': 'cache-lcy1148-LCY',
86 verbose headers   'x-cache': 'HIT',
86 verbose headers   'x-cache-hits': '1',
86 verbose headers   'x-timer': 'S1479842832.122861,VS0,VE0',
86 verbose headers   vary: 'Accept-Encoding' }
87 silly get cb [ 200,
87 silly get   { server: 'nginx/1.10.1',
87 silly get     'content-type': 'application/json',
87 silly get     'last-modified': 'Thu, 13 Oct 2016 20:59:21 GMT',
87 silly get     etag: 'W/"57fff5a9-470b"',
87 silly get     'content-encoding': 'gzip',
87 silly get     'cache-control': 'max-age=300',
87 silly get     'content-length': '2668',
87 silly get     'accept-ranges': 'bytes',
87 silly get     date: 'Tue, 22 Nov 2016 19:27:12 GMT',
87 silly get     via: '1.1 varnish',
87 silly get     age: '229',
87 silly get     connection: 'keep-alive',
87 silly get     'x-served-by': 'cache-lcy1148-LCY',
87 silly get     'x-cache': 'HIT',
87 silly get     'x-cache-hits': '1',
87 silly get     'x-timer': 'S1479842832.122861,VS0,VE0',
87 silly get     vary: 'Accept-Encoding' } ]
88 verbose get saving symbol-observable to /home/luisjose/.npm/registry.npmjs.org/symbol-observable/.cache.json
89 verbose correctMkdir /home/luisjose/.npm correctMkdir not in flight; initializing
90 silly resolveWithNewModule symbol-observable@1.0.4 checking installable status
91 silly cache add args [ 'symbol-observable@^1.0.1', null ]
92 verbose cache add spec symbol-observable@^1.0.1
93 silly cache add parsed spec Result {
93 silly cache add   raw: 'symbol-observable@^1.0.1',
93 silly cache add   scope: null,
93 silly cache add   escapedName: 'symbol-observable',
93 silly cache add   name: 'symbol-observable',
93 silly cache add   rawSpec: '^1.0.1',
93 silly cache add   spec: '>=1.0.1 <2.0.0',
93 silly cache add   type: 'range' }
94 silly addNamed symbol-observable@>=1.0.1 <2.0.0
95 verbose addNamed ">=1.0.1 <2.0.0" is a valid semver range for symbol-observable
96 silly addNameRange { name: 'symbol-observable',
96 silly addNameRange   range: '>=1.0.1 <2.0.0',
96 silly addNameRange   hasData: false }
97 silly mapToRegistry name symbol-observable
98 silly mapToRegistry using default registry
99 silly mapToRegistry registry https://registry.npmjs.org/
100 silly mapToRegistry data Result {
100 silly mapToRegistry   raw: 'symbol-observable',
100 silly mapToRegistry   scope: null,
100 silly mapToRegistry   escapedName: 'symbol-observable',
100 silly mapToRegistry   name: 'symbol-observable',
100 silly mapToRegistry   rawSpec: '',
100 silly mapToRegistry   spec: 'latest',
100 silly mapToRegistry   type: 'tag' }
101 silly mapToRegistry uri https://registry.npmjs.org/symbol-observable
102 verbose addNameRange registry:https://registry.npmjs.org/symbol-observable not in flight; fetching
103 verbose get https://registry.npmjs.org/symbol-observable not expired, no request
104 silly addNameRange number 2 { name: 'symbol-observable',
104 silly addNameRange   range: '>=1.0.1 <2.0.0',
104 silly addNameRange   hasData: true }
105 silly addNameRange versions [ 'symbol-observable',
105 silly addNameRange   [ '0.1.0',
105 silly addNameRange     '0.2.0',
105 silly addNameRange     '0.2.1',
105 silly addNameRange     '0.2.2',
105 silly addNameRange     '0.2.3',
105 silly addNameRange     '0.2.4',
105 silly addNameRange     '1.0.0',
105 silly addNameRange     '1.0.1',
105 silly addNameRange     '1.0.2',
105 silly addNameRange     '1.0.3',
105 silly addNameRange     '1.0.4' ] ]
106 silly addNamed symbol-observable@1.0.4
107 verbose addNamed "1.0.4" is a plain semver version for symbol-observable
108 silly cache afterAdd symbol-observable@1.0.4
109 verbose afterAdd /home/luisjose/.npm/symbol-observable/1.0.4/package/package.json not in flight; writing
110 verbose correctMkdir /home/luisjose/.npm correctMkdir not in flight; initializing
111 verbose afterAdd /home/luisjose/.npm/symbol-observable/1.0.4/package/package.json written
112 silly loadAllDepsIntoIdealTree Finishing
113 silly loadIdealTree Finishing
114 silly currentTree luisjose
115 silly idealTree luisjose
115 silly idealTree ├── rxjs@5.0.0-rc.4
115 silly idealTree └── symbol-observable@1.0.4
116 silly generateActionsToTake Starting
117 silly install generateActionsToTake
118 warn checkPermissions Missing write access to /home/luisjose/node_modules
119 silly rollbackFailedOptional Starting
120 silly rollbackFailedOptional Finishing
121 silly runTopLevelLifecycles Finishing
122 silly install printInstalled
123 warn enoent ENOENT: no such file or directory, open '/home/luisjose/package.json'
124 verbose enoent ENOENT: no such file or directory, open '/home/luisjose/package.json'
124 verbose enoent This is most likely not a problem with npm itself
124 verbose enoent and is related to npm not being able to find a file.
125 warn luisjose No description
126 verbose If you need help, you may report this error at:
126 verbose     <https://github.com/npm/npm/issues>
127 warn luisjose No repository field.
128 verbose If you need help, you may report this error at:
128 verbose     <https://github.com/npm/npm/issues>
129 warn luisjose No README data
130 verbose If you need help, you may report this error at:
130 verbose     <https://github.com/npm/npm/issues>
131 warn luisjose No license field.
132 verbose If you need help, you may report this error at:
132 verbose     <https://github.com/npm/npm/issues>
133 verbose stack Error: EACCES: permission denied, access '/home/luisjose/node_modules'
133 verbose stack     at Error (native)
134 verbose cwd /home/luisjose/ProyectosGit/typescript-playground
135 error Linux 4.8.0-27-generic
136 error argv "/usr/bin/nodejs" "/usr/bin/npm" "install" "rxjs"
137 error node v6.9.1
138 error npm  v3.10.8
139 error path /home/luisjose/node_modules
140 error code EACCES
141 error errno -13
142 error syscall access
143 error Error: EACCES: permission denied, access '/home/luisjose/node_modules'
143 error     at Error (native)
143 error  { Error: EACCES: permission denied, access '/home/luisjose/node_modules'
143 error     at Error (native)
143 error   errno: -13,
143 error   code: 'EACCES',
143 error   syscall: 'access',
143 error   path: '/home/luisjose/node_modules' }
144 error Please try running this command again as root/Administrator.
145 verbose exit [ -13, true ]
